<?xml version="1.0" encoding="utf-8"?><testsuites name="pytest tests"><testsuite name="pytest" errors="0" failures="0" skipped="0" tests="80" time="1.906" timestamp="2026-09-23T11:30:49.022004+00:00" hostname="9192498dde81"><testcase classname="tests.test_core" name="test_existing_contract_examples[01_mixed_deadline.json]" time="0.002" /><testcase classname="tests.test_core" name="test_existing_contract_examples[02_ru_missing_fields.json]" time="0.001" /><testcase classname="tests.test_core" name="test_existing_contract_examples[03_kk_no_new_task.json]" time="0.002" /><testcase classname="tests.test_core" name="test_auditor_rejects_structure_errors[&lt;lambda&gt;-DUPLICATE_ID]" time="0.001" /><testcase classname="tests.test_core" name="test_auditor_rejects_structure_errors[&lt;lambda&gt;-UNKNOWN_ASSIGNEE]" time="0.001" /><testcase classname="tests.test_core" name="test_auditor_rejects_structure_errors[&lt;lambda&gt;-BROKEN_EVIDENCE0]" time="0.001" /><testcase classname="tests.test_core" name="test_auditor_rejects_structure_errors[&lt;lambda&gt;-MISSING_FIELD_EVIDENCE0]" time="0.002" /><testcase classname="tests.test_core" name="test_auditor_rejects_structure_errors[&lt;lambda&gt;-MISSING_FIELD_EVIDENCE1]" time="0.001" /><testcase classname="tests.test_core" name="test_auditor_rejects_structure_errors[&lt;lambda&gt;-TIME_WITHOUT_DATE]" time="0.001" /><testcase classname="tests.test_core" name="test_auditor_rejects_structure_errors[&lt;lambda&gt;-TIME_RANGE]" time="0.001" /><testcase classname="tests.test_core" name="test_auditor_rejects_structure_errors[&lt;lambda&gt;-EMPTY_CONFIRMED_MAPPING]" time="0.001" /><testcase classname="tests.test_core" name="test_auditor_rejects_structure_errors[&lt;lambda&gt;-UNKNOWN_PARTICIPANT]" time="0.001" /><testcase classname="tests.test_core" name="test_auditor_rejects_structure_errors[&lt;lambda&gt;-UNMAPPED_VOICE]" time="0.001" /><testcase classname="tests.test_core" name="test_auditor_rejects_structure_errors[&lt;lambda&gt;-SCHEMA0]" time="0.001" /><testcase classname="tests.test_core" name="test_auditor_rejects_structure_errors[&lt;lambda&gt;-TIMEZONE]" time="0.002" /><testcase classname="tests.test_core" name="test_auditor_rejects_structure_errors[&lt;lambda&gt;-SCHEMA1]" time="0.001" /><testcase classname="tests.test_core" name="test_auditor_rejects_structure_errors[&lt;lambda&gt;-BROKEN_EVIDENCE1]" time="0.001" /><testcase classname="tests.test_core" name="test_auditor_rejects_structure_errors[&lt;lambda&gt;-UNKNOWN_TASK]" time="0.001" /><testcase classname="tests.test_core" name="test_auditor_rejects_structure_errors[&lt;lambda&gt;-DUPLICATE_EVENT]" time="0.002" /><testcase classname="tests.test_core" name="test_auditor_rejects_structure_errors[&lt;lambda&gt;-SCHEMA2]" time="0.001" /><testcase classname="tests.test_core" name="test_auditor_handles_invalid_roots[None]" time="0.000" /><testcase classname="tests.test_core" name="test_auditor_handles_invalid_roots[raw1]" time="0.000" /><testcase classname="tests.test_core" name="test_auditor_handles_invalid_roots[raw2]" time="0.000" /><testcase classname="tests.test_core" name="test_auditor_handles_invalid_roots[string]" time="0.000" /><testcase classname="tests.test_core" name="test_auditor_handles_invalid_roots[42]" time="0.001" /><testcase classname="tests.test_core" name="test_auditor_handles_invalid_roots[True]" time="0.000" /><testcase classname="tests.test_core" name="test_structure_never_claims_semantic_proof" time="0.001" /><testcase classname="tests.test_core" name="test_hash_changes_with_input" time="0.002" /><testcase classname="tests.test_core" name="test_audit_does_not_modify_input" time="0.001" /><testcase classname="tests.test_core" name="test_time_travel_is_prefix_correct[0-None-0]" time="0.001" /><testcase classname="tests.test_core" name="test_time_travel_is_prefix_correct[5999-None-0]" time="0.001" /><testcase classname="tests.test_core" name="test_time_travel_is_prefix_correct[6000-2026-09-25-1]" time="0.001" /><testcase classname="tests.test_core" name="test_time_travel_is_prefix_correct[16000-2026-09-25-1]" time="0.001" /><testcase classname="tests.test_core" name="test_time_travel_is_prefix_correct[21999-2026-09-25-1]" time="0.001" /><testcase classname="tests.test_core" name="test_time_travel_is_prefix_correct[22000-2026-09-28-1]" time="0.001" /><testcase classname="tests.test_core" name="test_time_travel_is_prefix_correct[35000-2026-09-28-1]" time="0.001" /><testcase classname="tests.test_core" name="test_time_travel_is_prefix_correct[40000-2026-09-28-1]" time="0.001" /><testcase classname="tests.test_core" name="test_time_travel_is_prefix_correct[48000-2026-09-28-2]" time="0.001" /><testcase classname="tests.test_core" name="test_agreement_not_proposal_changes_value" time="0.001" /><testcase classname="tests.test_core" name="test_rejected_change_preserves_accepted_value" time="0.001" /><testcase classname="tests.test_core" name="test_acceptance_combines_proposal_and_confirmation_evidence" time="0.001" /><testcase classname="tests.test_core" name="test_unknowns_are_questions_not_invented_values" time="0.001" /><testcase classname="tests.test_core" name="test_replay_deterministic_and_nonmutating" time="0.001" /><testcase classname="tests.test_core" name="test_ledger_rejects_invalid_events[&lt;lambda&gt;0]" time="0.001" /><testcase classname="tests.test_core" name="test_ledger_rejects_invalid_events[&lt;lambda&gt;1]" time="0.000" /><testcase classname="tests.test_core" name="test_ledger_rejects_invalid_events[&lt;lambda&gt;2]" time="0.000" /><testcase classname="tests.test_core" name="test_ledger_rejects_invalid_events[&lt;lambda&gt;3]" time="0.000" /><testcase classname="tests.test_core" name="test_ledger_rejects_invalid_events[&lt;lambda&gt;4]" time="0.000" /><testcase classname="tests.test_core" name="test_ledger_rejects_invalid_events[&lt;lambda&gt;5]" time="0.001" /><testcase classname="tests.test_core" name="test_ledger_rejects_invalid_events[&lt;lambda&gt;6]" time="0.001" /><testcase classname="tests.test_core" name="test_ledger_rejects_invalid_events[&lt;lambda&gt;7]" time="0.000" /><testcase classname="tests.test_core" name="test_ledger_rejects_invalid_events[&lt;lambda&gt;8]" time="0.000" /><testcase classname="tests.test_core" name="test_ledger_rejects_invalid_events[&lt;lambda&gt;9]" time="0.001" /><testcase classname="tests.test_core" name="test_ledger_rejects_invalid_events[&lt;lambda&gt;10]" time="0.001" /><testcase classname="tests.test_core" name="test_ledger_rejects_invalid_events[&lt;lambda&gt;11]" time="0.000" /><testcase classname="tests.test_core" name="test_ledger_rejects_invalid_events[&lt;lambda&gt;12]" time="0.000" /><testcase classname="tests.test_core" name="test_ledger_rejects_invalid_events[&lt;lambda&gt;13]" time="0.000" /><testcase classname="tests.test_core" name="test_ledger_rejects_invalid_events[&lt;lambda&gt;14]" time="0.001" /><testcase classname="tests.test_core" name="test_ledger_rejects_invalid_events[&lt;lambda&gt;15]" time="0.001" /><testcase classname="tests.test_core" name="test_bad_cutoff_rejected[-1]" time="0.001" /><testcase classname="tests.test_core" name="test_bad_cutoff_rejected[True]" time="0.000" /><testcase classname="tests.test_core" name="test_bad_cutoff_rejected[1.2]" time="0.001" /><testcase classname="tests.test_core" name="test_bad_cutoff_rejected[12]" time="0.001" /><testcase classname="tests.test_core" name="test_future_invalid_event_is_not_hidden_by_cutoff" time="0.001" /><testcase classname="tests.test_core" name="test_stale_proposal_cannot_overwrite_newer_agreement" time="0.001" /><testcase classname="tests.test_core" name="test_cancel_stops_active_task" time="0.001" /><testcase classname="tests.test_core" name="test_do_not_reopen_cancelled_task_implicitly" time="0.000" /><testcase classname="tests.test_core" name="test_participant_rename_changes_ids_without_changing_logic" time="0.001" /><testcase classname="tests.test_core" name="test_export_roundtrip_matches_saved_deadline" time="0.043" /><testcase classname="tests.test_core" name="test_export_rejects_invalid_evidence" time="0.002" /><testcase classname="tests.test_core" name="test_http_health_does_not_claim_model_readiness" time="0.031" /><testcase classname="tests.test_core" name="test_http_capabilities_disclose_missing_components" time="0.005" /><testcase classname="tests.test_core" name="test_http_audit_and_docx" time="0.042" /><testcase classname="tests.test_core" name="test_http_replay" time="0.005" /><testcase classname="tests.test_core" name="test_http_malformed_ledger" time="0.009" /><testcase classname="tests.test_core" name="test_unknown_fixture_no_path_access" time="0.005" /><testcase classname="tests.test_core" name="test_cross_origin_write_denied" time="0.003" /><testcase classname="tests.test_core" name="test_payload_limit" time="0.005" /><testcase classname="tests.test_core" name="test_ui_static_local_security" time="0.009" /><testcase classname="tests.test_core" name="test_no_external_swagger_assets" time="0.008" /></testsuite></testsuites>